platforms/android/app/build/intermediates/manifest_merge_blame_file/debug/manifest-merger-blame-debug-report.txt
1<?xml version="1.0" encoding="utf-8"?>
2<manifest xmlns:android="http://schemas.android.com/apk/res/android"
3    package="com.midterm.app"
4    android:hardwareAccelerated="true"
5    android:versionCode="10000"
6    android:versionName="1.0.0" >
7
8    <uses-sdk
9        android:minSdkVersion="24"
9-->src\main\AndroidManifest.xml
10        android:targetSdkVersion="33" />
10-->src\main\AndroidManifest.xml
11
12    <supports-screens
12-->src\main\AndroidManifest.xml:3:5-191
13        android:anyDensity="true"
13-->src\main\AndroidManifest.xml:3:23-48
14        android:largeScreens="true"
14-->src\main\AndroidManifest.xml:3:49-76
15        android:normalScreens="true"
15-->src\main\AndroidManifest.xml:3:77-105
16        android:resizeable="true"
16-->src\main\AndroidManifest.xml:3:106-131
17        android:smallScreens="true"
17-->src\main\AndroidManifest.xml:3:132-159
18        android:xlargeScreens="true" />
18-->src\main\AndroidManifest.xml:3:160-188
19
20    <uses-permission android:name="android.permission.INTERNET" />
20-->src\main\AndroidManifest.xml:4:5-67
20-->src\main\AndroidManifest.xml:4:22-64
21    <uses-permission android:name="android.permission.ACCESS_NETWORK_STATE" />
21-->src\main\AndroidManifest.xml:13:5-79
21-->src\main\AndroidManifest.xml:13:22-76
22
23    <permission
23-->[androidx.core:core:1.9.0] AndroidManifest.xml:22:5-24:47
24        android:name="com.midterm.app.DYNAMIC_RECEIVER_NOT_EXPORTED_PERMISSION"
24-->[androidx.core:core:1.9.0] AndroidManifest.xml:23:9-81
25        android:protectionLevel="signature" />
25-->[androidx.core:core:1.9.0] AndroidManifest.xml:24:9-44
26
27    <uses-permission android:name="com.midterm.app.DYNAMIC_RECEIVER_NOT_EXPORTED_PERMISSION" />
27-->[androidx.core:core:1.9.0] AndroidManifest.xml:26:5-97
27-->[androidx.core:core:1.9.0] AndroidManifest.xml:26:22-94
28
29    <application
29-->src\main\AndroidManifest.xml:5:5-12:19
30        android:appComponentFactory="androidx.core.app.CoreComponentFactory"
30-->[androidx.core:core:1.9.0] AndroidManifest.xml:28:18-86
31        android:debuggable="true"
32        android:extractNativeLibs="false"
33        android:hardwareAccelerated="true"
33-->src\main\AndroidManifest.xml:5:18-52
34        android:icon="@mipmap/ic_launcher"
34-->src\main\AndroidManifest.xml:5:53-87
35        android:label="@string/app_name"
35-->src\main\AndroidManifest.xml:5:88-120
36        android:supportsRtl="true"
36-->src\main\AndroidManifest.xml:5:121-147
37        android:usesCleartextTraffic="true" >
37-->src\main\AndroidManifest.xml:5:148-183
38        <activity
38-->src\main\AndroidManifest.xml:6:9-11:20
39            android:name="com.midterm.app.MainActivity"
39-->src\main\AndroidManifest.xml:6:229-256
40            android:configChanges="orientation|keyboardHidden|keyboard|screenSize|locale|smallestScreenSize|screenLayout|uiMode"
40-->src\main\AndroidManifest.xml:6:19-135
41            android:exported="true"
41-->src\main\AndroidManifest.xml:6:136-159
42            android:label="@string/activity_name"
42-->src\main\AndroidManifest.xml:6:160-197
43            android:launchMode="singleTop"
43-->src\main\AndroidManifest.xml:6:198-228
44            android:theme="@style/Theme.App.SplashScreen"
44-->src\main\AndroidManifest.xml:6:257-302
45            android:windowSoftInputMode="adjustResize" >
45-->src\main\AndroidManifest.xml:6:303-345
46            <intent-filter android:label="@string/launcher_name" >
46-->src\main\AndroidManifest.xml:7:13-10:29
46-->src\main\AndroidManifest.xml:7:28-65
47                <action android:name="android.intent.action.MAIN" />
47-->src\main\AndroidManifest.xml:8:17-69
47-->src\main\AndroidManifest.xml:8:25-66
48
49                <category android:name="android.intent.category.LAUNCHER" />
49-->src\main\AndroidManifest.xml:9:17-77
49-->src\main\AndroidManifest.xml:9:27-74
50            </intent-filter>
51        </activity>
52
53        <provider
53-->[androidx.emoji2:emoji2:1.2.0] AndroidManifest.xml:24:9-32:20
54            android:name="androidx.startup.InitializationProvider"
54-->[androidx.emoji2:emoji2:1.2.0] AndroidManifest.xml:25:13-67
55            android:authorities="com.midterm.app.androidx-startup"
55-->[androidx.emoji2:emoji2:1.2.0] AndroidManifest.xml:26:13-68
56            android:exported="false" >
56-->[androidx.emoji2:emoji2:1.2.0] AndroidManifest.xml:27:13-37
57            <meta-data
57-->[androidx.emoji2:emoji2:1.2.0] AndroidManifest.xml:29:13-31:52
58                android:name="androidx.emoji2.text.EmojiCompatInitializer"
58-->[androidx.emoji2:emoji2:1.2.0] AndroidManifest.xml:30:17-75
59                android:value="androidx.startup" />
59-->[androidx.emoji2:emoji2:1.2.0] AndroidManifest.xml:31:17-49
60            <meta-data
60-->[androidx.lifecycle:lifecycle-process:2.4.1] AndroidManifest.xml:31:13-33:52
61                android:name="androidx.lifecycle.ProcessLifecycleInitializer"
61-->[androidx.lifecycle:lifecycle-process:2.4.1] AndroidManifest.xml:32:17-78
62                android:value="androidx.startup" />
62-->[androidx.lifecycle:lifecycle-process:2.4.1] AndroidManifest.xml:33:17-49
63        </provider>
64    </application>
65
66</manifest>